<?xml version="1.0" encoding="UTF-8"?>
<!-- Generated by org.testng.reporters.JUnitReportReporter -->
<testsuite failures="0" tests="5" name="TestCases.RegisterTest" time="9.171" errors="0" timestamp="2024-10-23T03:18:50 IST" skipped="0">
  <testcase classname="TestCases.RegisterTest" name="registerTest" time="2.002"/>
  <testcase classname="TestCases.RegisterTest" name="registerTest" time="0.891"/>
  <testcase classname="TestCases.RegisterTest" name="registerTest" time="1.979"/>
  <testcase classname="TestCases.RegisterTest" name="registerTest" time="1.934"/>
  <testcase classname="TestCases.RegisterTest" name="registerTest" time="2.365"/>
</testsuite> <!-- TestCases.RegisterTest -->
