<?xml version="1.0" encoding="UTF-8"?>
<!-- Generated by org.testng.reporters.JUnitReportReporter -->
<testsuite hostname="Sakshu" failures="0" tests="4" name="TestCases.RegisterTest" time="6.921" errors="0" timestamp="2024-10-24T02:06:18 IST" skipped="0">
  <testcase classname="TestCases.RegisterTest" name="registerTest" time="1.981">
    <system-out>
      <![CDATA[Writing results for: Saksham Gupta
Result written for: Saksham Gupta]]>
    </system-out>
  </testcase> <!-- registerTest -->
  <testcase classname="TestCases.RegisterTest" name="registerTest" time="1.664">
    <system-out>
      <![CDATA[Writing results for: Yaju Shukla
Result written for: Yaju Shukla]]>
    </system-out>
  </testcase> <!-- registerTest -->
  <testcase classname="TestCases.RegisterTest" name="registerTest" time="1.610">
    <system-out>
      <![CDATA[Writing results for: Sanika Upasani
Result written for: Sanika Upasani]]>
    </system-out>
  </testcase> <!-- registerTest -->
  <testcase classname="TestCases.RegisterTest" name="registerTest" time="1.666">
    <system-out>
      <![CDATA[Writing results for: Sumedh Dongre
Result written for: Sumedh Dongre]]>
    </system-out>
  </testcase> <!-- registerTest -->
  <system-out>
    <![CDATA[Row 0: First Name: Saksham, Last Name: Gupta, Email: saksham@gmail.com, Gender: Male, Mobile: 9720031702, DOB: 09-12-2002, Subjects: English, Hobbies: Reading, Sports, Picture Path: image1.jpg, Address: 101 Street, State: Haryana, City: Panipat
Row 1: First Name: Yaju, Last Name: Shukla, Email: yaju@gmail.com, Gender: Male, Mobile: 9720031702, DOB: 09-12-2002, Subjects: Computer Science, Hobbies: Sports, Music, Picture Path: image2.jpg, Address: 123 Street, State: Rajasthan, City: Jaipur
Row 2: First Name: Sumedh, Last Name: Dongre, Email: sumedh@gmail.com, Gender: Male, Mobile: 9720031700, DOB: 18-05-2003, Subjects: Commerce, Hobbies: Reading, Picture Path: image3.jpg, Address: 456 Avenue, State: Haryana, City: Karnal
Row 3: First Name: Sanika, Last Name: Upasani, Email: sanika@gmail.com, Gender: Female, Mobile: 9720031702, DOB: 30-12-2003, Subjects: English, Hobbies: Reading, Sports, Picture Path: image4.jpg, Address: 101 Street, State: Haryana, City: Panipat
Writing results for: Saksham Gupta
Result written for: Saksham Gupta
Writing results for: Yaju Shukla
Result written for: Yaju Shukla
Writing results for: Sumedh Dongre
Result written for: Sumedh Dongre
Writing results for: Sanika Upasani
Result written for: Sanika Upasani]]>
  </system-out>
</testsuite> <!-- TestCases.RegisterTest -->
